#! /c/Source/iverilog-install/bin/vvp
:ivl_version "12.0 (devel)" "(s20150603-1539-g2693dd32b)";
:ivl_delay_selection "TYPICAL";
:vpi_time_precision - 12;
:vpi_module "C:\iverilog\lib\ivl\system.vpi";
:vpi_module "C:\iverilog\lib\ivl\vhdl_sys.vpi";
:vpi_module "C:\iverilog\lib\ivl\vhdl_textio.vpi";
:vpi_module "C:\iverilog\lib\ivl\v2005_math.vpi";
:vpi_module "C:\iverilog\lib\ivl\va_math.vpi";
:vpi_module "C:\iverilog\lib\ivl\v2009.vpi";
S_0000015cc103b670 .scope package, "$unit" "$unit" 2 1;
 .timescale 0 0;
S_0000015cc103b800 .scope module, "cpu_tb" "cpu_tb" 3 3;
 .timescale -9 -12;
v0000015cc117f5c0_0 .var "clk", 0 0;
v0000015cc117fca0_0 .net "halt", 0 0, v0000015cc117d5b0_0;  1 drivers
v0000015cc1180060_0 .var "reset", 0 0;
S_0000015cc1037d00 .scope module, "DUT" "cpu" 3 10, 4 3 0, S_0000015cc103b800;
 .timescale -9 -12;
    .port_info 0 /INPUT 1 "clk";
    .port_info 1 /INPUT 1 "reset";
    .port_info 2 /OUTPUT 1 "halt";
L_0000015cc101bf80 .functor BUFZ 32, v0000015cc108fff0_0, C4<00000000000000000000000000000000>, C4<00000000000000000000000000000000>, C4<00000000000000000000000000000000>;
L_0000015cc11815a8 .functor BUFT 1, C4<0>, C4<0>, C4<0>, C4<0>;
L_0000015cc101c140 .functor XNOR 1, L_0000015cc11da3b0, L_0000015cc11815a8, C4<0>, C4<0>;
L_0000015cc101c450 .functor BUFZ 32, L_0000015cc11dd750, C4<00000000000000000000000000000000>, C4<00000000000000000000000000000000>, C4<00000000000000000000000000000000>;
v0000015cc1178120_0 .net *"_ivl_1", 30 0, L_0000015cc1180100;  1 drivers
v0000015cc11781c0_0 .net *"_ivl_10", 11 0, L_0000015cc117fe80;  1 drivers
L_0000015cc1181518 .functor BUFT 1, C4<01>, C4<0>, C4<0>, C4<0>;
v0000015cc1178620_0 .net/2u *"_ivl_100", 1 0, L_0000015cc1181518;  1 drivers
v0000015cc1179c00_0 .net *"_ivl_102", 0 0, L_0000015cc11d9190;  1 drivers
v0000015cc1179e80_0 .net *"_ivl_105", 7 0, L_0000015cc11d9550;  1 drivers
v0000015cc1179f20_0 .net *"_ivl_107", 1 0, L_0000015cc11d9ff0;  1 drivers
L_0000015cc1181560 .functor BUFT 1, C4<10>, C4<0>, C4<0>, C4<0>;
v0000015cc1178da0_0 .net/2u *"_ivl_108", 1 0, L_0000015cc1181560;  1 drivers
v0000015cc1178260_0 .net *"_ivl_110", 0 0, L_0000015cc11da090;  1 drivers
v0000015cc1179020_0 .net *"_ivl_113", 7 0, L_0000015cc11da9f0;  1 drivers
v0000015cc1179660_0 .net *"_ivl_115", 7 0, L_0000015cc11d97d0;  1 drivers
v0000015cc11783a0_0 .net *"_ivl_116", 7 0, L_0000015cc11d9230;  1 drivers
v0000015cc1179700_0 .net *"_ivl_118", 7 0, L_0000015cc11da950;  1 drivers
v0000015cc11798e0_0 .net *"_ivl_123", 0 0, L_0000015cc11da3b0;  1 drivers
v0000015cc11797a0_0 .net/2u *"_ivl_124", 0 0, L_0000015cc11815a8;  1 drivers
v0000015cc1178440_0 .net *"_ivl_126", 0 0, L_0000015cc101c140;  1 drivers
v0000015cc1178760_0 .net *"_ivl_129", 15 0, L_0000015cc11d92d0;  1 drivers
v0000015cc1179980_0 .net *"_ivl_13", 7 0, L_0000015cc117f3e0;  1 drivers
v0000015cc1178e40_0 .net *"_ivl_131", 15 0, L_0000015cc11dab30;  1 drivers
v0000015cc11788a0_0 .net *"_ivl_135", 0 0, L_0000015cc11da8b0;  1 drivers
v0000015cc11792a0_0 .net *"_ivl_136", 23 0, L_0000015cc11dabd0;  1 drivers
v0000015cc11789e0_0 .net *"_ivl_141", 0 0, L_0000015cc11d9d70;  1 drivers
v0000015cc1178800_0 .net *"_ivl_142", 15 0, L_0000015cc11d94b0;  1 drivers
L_0000015cc11815f0 .functor BUFT 1, C4<000000000000000000000000>, C4<0>, C4<0>, C4<0>;
v0000015cc11790c0_0 .net/2u *"_ivl_148", 23 0, L_0000015cc11815f0;  1 drivers
v0000015cc1179340_0 .net *"_ivl_15", 0 0, L_0000015cc1180a60;  1 drivers
L_0000015cc1181638 .functor BUFT 1, C4<0000000000000000>, C4<0>, C4<0>, C4<0>;
v0000015cc1178a80_0 .net/2u *"_ivl_152", 15 0, L_0000015cc1181638;  1 drivers
L_0000015cc1181680 .functor BUFT 1, C4<000>, C4<0>, C4<0>, C4<0>;
v0000015cc1179520_0 .net/2u *"_ivl_156", 2 0, L_0000015cc1181680;  1 drivers
v0000015cc1178b20_0 .net *"_ivl_158", 0 0, L_0000015cc11dac70;  1 drivers
L_0000015cc11816c8 .functor BUFT 1, C4<001>, C4<0>, C4<0>, C4<0>;
v0000015cc11795c0_0 .net/2u *"_ivl_160", 2 0, L_0000015cc11816c8;  1 drivers
v0000015cc117bc10_0 .net *"_ivl_162", 0 0, L_0000015cc11d9e10;  1 drivers
L_0000015cc1181710 .functor BUFT 1, C4<010>, C4<0>, C4<0>, C4<0>;
v0000015cc117be90_0 .net/2u *"_ivl_164", 2 0, L_0000015cc1181710;  1 drivers
v0000015cc117a6d0_0 .net *"_ivl_166", 0 0, L_0000015cc11d9f50;  1 drivers
L_0000015cc1181758 .functor BUFT 1, C4<100>, C4<0>, C4<0>, C4<0>;
v0000015cc117bcb0_0 .net/2u *"_ivl_168", 2 0, L_0000015cc1181758;  1 drivers
v0000015cc117ab30_0 .net *"_ivl_17", 9 0, L_0000015cc11802e0;  1 drivers
v0000015cc117a1d0_0 .net *"_ivl_170", 0 0, L_0000015cc11d9cd0;  1 drivers
L_0000015cc11817a0 .functor BUFT 1, C4<101>, C4<0>, C4<0>, C4<0>;
v0000015cc117a770_0 .net/2u *"_ivl_172", 2 0, L_0000015cc11817a0;  1 drivers
v0000015cc117abd0_0 .net *"_ivl_174", 0 0, L_0000015cc11dad10;  1 drivers
v0000015cc117ad10_0 .net *"_ivl_176", 31 0, L_0000015cc11dadb0;  1 drivers
v0000015cc117a4f0_0 .net *"_ivl_178", 31 0, L_0000015cc11da630;  1 drivers
L_0000015cc1181170 .functor BUFT 1, C4<0>, C4<0>, C4<0>, C4<0>;
v0000015cc117bd50_0 .net/2u *"_ivl_18", 0 0, L_0000015cc1181170;  1 drivers
v0000015cc117a630_0 .net *"_ivl_180", 31 0, L_0000015cc11daef0;  1 drivers
v0000015cc117adb0_0 .net *"_ivl_182", 31 0, L_0000015cc11d9730;  1 drivers
L_0000015cc11817e8 .functor BUFT 1, C4<00>, C4<0>, C4<0>, C4<0>;
v0000015cc117b210_0 .net/2u *"_ivl_186", 1 0, L_0000015cc11817e8;  1 drivers
v0000015cc117bdf0_0 .net *"_ivl_188", 0 0, L_0000015cc11da4f0;  1 drivers
L_0000015cc1181830 .functor BUFT 1, C4<01>, C4<0>, C4<0>, C4<0>;
v0000015cc117b490_0 .net/2u *"_ivl_190", 1 0, L_0000015cc1181830;  1 drivers
v0000015cc117a270_0 .net *"_ivl_192", 0 0, L_0000015cc11d9690;  1 drivers
L_0000015cc1181878 .functor BUFT 1, C4<10>, C4<0>, C4<0>, C4<0>;
v0000015cc117ac70_0 .net/2u *"_ivl_194", 1 0, L_0000015cc1181878;  1 drivers
v0000015cc117bf30_0 .net *"_ivl_196", 0 0, L_0000015cc11dae50;  1 drivers
L_0000015cc11818c0 .functor BUFT 1, C4<00000000000000000000000000000100>, C4<0>, C4<0>, C4<0>;
v0000015cc117ae50_0 .net/2u *"_ivl_198", 31 0, L_0000015cc11818c0;  1 drivers
L_0000015cc1181128 .functor BUFT 1, C4<0>, C4<0>, C4<0>, C4<0>;
v0000015cc117a810_0 .net/2u *"_ivl_2", 0 0, L_0000015cc1181128;  1 drivers
v0000015cc117a9f0_0 .net *"_ivl_200", 31 0, L_0000015cc11da1d0;  1 drivers
v0000015cc117a310_0 .net *"_ivl_202", 31 0, L_0000015cc11da270;  1 drivers
v0000015cc117af90_0 .net *"_ivl_204", 31 0, L_0000015cc11d9910;  1 drivers
v0000015cc117b7b0_0 .net *"_ivl_209", 0 0, L_0000015cc11daf90;  1 drivers
v0000015cc117bfd0_0 .net *"_ivl_210", 19 0, L_0000015cc11da310;  1 drivers
v0000015cc117b850_0 .net *"_ivl_213", 11 0, L_0000015cc11db030;  1 drivers
v0000015cc117b8f0_0 .net *"_ivl_217", 0 0, L_0000015cc11d99b0;  1 drivers
v0000015cc117b2b0_0 .net *"_ivl_218", 19 0, L_0000015cc11da450;  1 drivers
v0000015cc117a130_0 .net *"_ivl_221", 6 0, L_0000015cc11d9a50;  1 drivers
v0000015cc117b030_0 .net *"_ivl_223", 4 0, L_0000015cc11d9410;  1 drivers
L_0000015cc1181908 .functor BUFT 1, C4<01>, C4<0>, C4<0>, C4<0>;
v0000015cc117b350_0 .net/2u *"_ivl_226", 1 0, L_0000015cc1181908;  1 drivers
v0000015cc117b990_0 .net *"_ivl_228", 0 0, L_0000015cc11da590;  1 drivers
L_0000015cc1181950 .functor BUFT 1, C4<10>, C4<0>, C4<0>, C4<0>;
v0000015cc117aef0_0 .net/2u *"_ivl_230", 1 0, L_0000015cc1181950;  1 drivers
v0000015cc117b0d0_0 .net *"_ivl_232", 0 0, L_0000015cc11da770;  1 drivers
L_0000015cc1181998 .functor BUFT 1, C4<00000000000000000000000000000100>, C4<0>, C4<0>, C4<0>;
v0000015cc117b170_0 .net/2u *"_ivl_234", 31 0, L_0000015cc1181998;  1 drivers
v0000015cc117a3b0_0 .net *"_ivl_236", 31 0, L_0000015cc11da810;  1 drivers
v0000015cc117a450_0 .net *"_ivl_238", 31 0, L_0000015cc11dd430;  1 drivers
L_0000015cc11819e0 .functor BUFT 1, C4<0100011>, C4<0>, C4<0>, C4<0>;
v0000015cc117b3f0_0 .net/2u *"_ivl_242", 6 0, L_0000015cc11819e0;  1 drivers
v0000015cc117aa90_0 .net *"_ivl_244", 0 0, L_0000015cc11dded0;  1 drivers
v0000015cc117a590_0 .net *"_ivl_246", 31 0, L_0000015cc11df050;  1 drivers
L_0000015cc11811b8 .functor BUFT 1, C4<0100011>, C4<0>, C4<0>, C4<0>;
v0000015cc117a8b0_0 .net/2u *"_ivl_36", 6 0, L_0000015cc11811b8;  1 drivers
v0000015cc117b530_0 .net *"_ivl_38", 0 0, L_0000015cc1180f60;  1 drivers
L_0000015cc1181200 .functor BUFT 1, C4<000>, C4<0>, C4<0>, C4<0>;
v0000015cc117a950_0 .net/2u *"_ivl_40", 2 0, L_0000015cc1181200;  1 drivers
v0000015cc117b5d0_0 .net *"_ivl_42", 0 0, L_0000015cc117f700;  1 drivers
L_0000015cc1181248 .functor BUFT 1, C4<0001>, C4<0>, C4<0>, C4<0>;
v0000015cc117b670_0 .net/2u *"_ivl_44", 3 0, L_0000015cc1181248;  1 drivers
v0000015cc117b710_0 .net *"_ivl_47", 1 0, L_0000015cc1180560;  1 drivers
v0000015cc117ba30_0 .net *"_ivl_48", 3 0, L_0000015cc1180600;  1 drivers
L_0000015cc1181290 .functor BUFT 1, C4<001>, C4<0>, C4<0>, C4<0>;
v0000015cc117bad0_0 .net/2u *"_ivl_50", 2 0, L_0000015cc1181290;  1 drivers
v0000015cc117bb70_0 .net *"_ivl_52", 0 0, L_0000015cc11806a0;  1 drivers
L_0000015cc11812d8 .functor BUFT 1, C4<0011>, C4<0>, C4<0>, C4<0>;
v0000015cc117e190_0 .net/2u *"_ivl_54", 3 0, L_0000015cc11812d8;  1 drivers
v0000015cc117d290_0 .net *"_ivl_57", 1 0, L_0000015cc1180ba0;  1 drivers
v0000015cc117ed70_0 .net *"_ivl_58", 3 0, L_0000015cc117f840;  1 drivers
L_0000015cc1181320 .functor BUFT 1, C4<010>, C4<0>, C4<0>, C4<0>;
v0000015cc117ecd0_0 .net/2u *"_ivl_60", 2 0, L_0000015cc1181320;  1 drivers
v0000015cc117eff0_0 .net *"_ivl_62", 0 0, L_0000015cc117fa20;  1 drivers
L_0000015cc1181368 .functor BUFT 1, C4<1111>, C4<0>, C4<0>, C4<0>;
v0000015cc117ee10_0 .net/2u *"_ivl_64", 3 0, L_0000015cc1181368;  1 drivers
L_0000015cc11813b0 .functor BUFT 1, C4<0000>, C4<0>, C4<0>, C4<0>;
v0000015cc117d3d0_0 .net/2u *"_ivl_66", 3 0, L_0000015cc11813b0;  1 drivers
v0000015cc117ea50_0 .net *"_ivl_68", 3 0, L_0000015cc11809c0;  1 drivers
v0000015cc117e4b0_0 .net *"_ivl_70", 3 0, L_0000015cc11807e0;  1 drivers
v0000015cc117eb90_0 .net *"_ivl_72", 3 0, L_0000015cc117fac0;  1 drivers
L_0000015cc11813f8 .functor BUFT 1, C4<0000>, C4<0>, C4<0>, C4<0>;
v0000015cc117db50_0 .net/2u *"_ivl_74", 3 0, L_0000015cc11813f8;  1 drivers
v0000015cc117eeb0_0 .net *"_ivl_79", 1 0, L_0000015cc1180b00;  1 drivers
v0000015cc117e910_0 .net *"_ivl_80", 31 0, L_0000015cc1180c40;  1 drivers
L_0000015cc1181440 .functor BUFT 1, C4<000000000000000000000000000000>, C4<0>, C4<0>, C4<0>;
v0000015cc117e410_0 .net *"_ivl_83", 29 0, L_0000015cc1181440;  1 drivers
L_0000015cc1181488 .functor BUFT 1, C4<00000000000000000000000000001000>, C4<0>, C4<0>, C4<0>;
v0000015cc117ef50_0 .net/2u *"_ivl_84", 31 0, L_0000015cc1181488;  1 drivers
v0000015cc117e370_0 .net *"_ivl_87", 31 0, L_0000015cc1180ec0;  1 drivers
v0000015cc117e5f0_0 .net *"_ivl_9", 0 0, L_0000015cc1180d80;  1 drivers
v0000015cc117e550_0 .net *"_ivl_91", 1 0, L_0000015cc1181000;  1 drivers
L_0000015cc11814d0 .functor BUFT 1, C4<00>, C4<0>, C4<0>, C4<0>;
v0000015cc117e730_0 .net/2u *"_ivl_92", 1 0, L_0000015cc11814d0;  1 drivers
v0000015cc117d150_0 .net *"_ivl_94", 0 0, L_0000015cc117f160;  1 drivers
v0000015cc117e0f0_0 .net *"_ivl_97", 7 0, L_0000015cc117f2a0;  1 drivers
v0000015cc117d1f0_0 .net *"_ivl_99", 1 0, L_0000015cc117f340;  1 drivers
v0000015cc117d330_0 .net "address", 31 0, L_0000015cc101bf80;  1 drivers
v0000015cc117ddd0_0 .net "alu_input_b", 31 0, L_0000015cc11deb50;  1 drivers
v0000015cc117d470_0 .var "alu_op", 3 0;
v0000015cc117d510_0 .net "alu_out", 31 0, v0000015cc108fff0_0;  1 drivers
v0000015cc117d830_0 .var "alu_src", 0 0;
v0000015cc117eaf0_0 .net "clk", 0 0, v0000015cc117f5c0_0;  1 drivers
v0000015cc117ec30_0 .net "funct3", 2 0, L_0000015cc1180ce0;  1 drivers
v0000015cc117dab0_0 .net "funct7", 6 0, L_0000015cc11804c0;  1 drivers
v0000015cc117d5b0_0 .var "halt", 0 0;
v0000015cc117e050_0 .net "imm_ext", 31 0, L_0000015cc11d9370;  1 drivers
v0000015cc117e9b0_0 .net "imm_j", 31 0, L_0000015cc117fde0;  1 drivers
v0000015cc117dbf0_0 .net "imm_s", 31 0, L_0000015cc11da6d0;  1 drivers
v0000015cc117d650_0 .net "instr", 31 0, L_0000015cc101c530;  1 drivers
v0000015cc117d6f0_0 .net "jal_target", 31 0, L_0000015cc1180380;  1 drivers
v0000015cc117d790_0 .net "jalr_target", 31 0, L_0000015cc1180240;  1 drivers
v0000015cc117e2d0_0 .net "lb_data", 31 0, L_0000015cc11d9af0;  1 drivers
v0000015cc117d970_0 .net "lbu_data", 31 0, L_0000015cc11d9eb0;  1 drivers
v0000015cc117d8d0_0 .net "lh_data", 31 0, L_0000015cc11d95f0;  1 drivers
v0000015cc117da10_0 .net "lhu_data", 31 0, L_0000015cc11d9b90;  1 drivers
v0000015cc117dc90_0 .net "load_data", 31 0, L_0000015cc11da130;  1 drivers
v0000015cc117dd30_0 .net "mem_byte_en", 3 0, L_0000015cc1180e20;  1 drivers
v0000015cc117de70_0 .net "mem_data", 31 0, L_0000015cc11dd750;  1 drivers
v0000015cc117e230_0 .var "mem_read", 0 0;
v0000015cc117e7d0_0 .var "mem_to_reg", 1 0;
v0000015cc117df10_0 .net "mem_write_data", 31 0, L_0000015cc117f200;  1 drivers
v0000015cc117e690_0 .net "opcode", 6 0, L_0000015cc1180420;  1 drivers
v0000015cc117dfb0_0 .net "pc_next", 31 0, L_0000015cc11dd4d0;  1 drivers
v0000015cc117e870_0 .var "pc_sel", 1 0;
v0000015cc117fc00_0 .net "pc_val", 31 0, v0000015cc1090310_0;  1 drivers
v0000015cc11801a0_0 .net "rd", 4 0, L_0000015cc1180740;  1 drivers
v0000015cc117f7a0_0 .net "rd1", 31 0, L_0000015cc11dd930;  1 drivers
v0000015cc117fd40_0 .net "rd2", 31 0, L_0000015cc11ddcf0;  1 drivers
v0000015cc117f8e0_0 .var "reg_write", 0 0;
v0000015cc1180880_0 .net "reset", 0 0, v0000015cc1180060_0;  1 drivers
v0000015cc117f480_0 .net "rs1", 4 0, L_0000015cc117f660;  1 drivers
v0000015cc117f520_0 .net "rs2", 4 0, L_0000015cc117f980;  1 drivers
v0000015cc117ffc0_0 .net "selected_byte", 7 0, L_0000015cc11daa90;  1 drivers
v0000015cc117fb60_0 .net "selected_half", 15 0, L_0000015cc11d9c30;  1 drivers
v0000015cc117ff20_0 .net "w_data", 31 0, L_0000015cc101c450;  1 drivers
v0000015cc1180920_0 .net "write_data", 31 0, L_0000015cc11d9870;  1 drivers
E_0000015cc10978c0/0 .event anyedge, v0000015cc117e690_0, v0000015cc117dab0_0, v0000015cc117ec30_0, v0000015cc108fcd0_0;
E_0000015cc10978c0/1 .event anyedge, v0000015cc1091710_0;
E_0000015cc10978c0 .event/or E_0000015cc10978c0/0, E_0000015cc10978c0/1;
L_0000015cc1180100 .part v0000015cc108fff0_0, 1, 31;
L_0000015cc1180240 .concat [ 1 31 0 0], L_0000015cc1181128, L_0000015cc1180100;
L_0000015cc1180380 .arith/sum 32, v0000015cc1090310_0, L_0000015cc117fde0;
L_0000015cc1180d80 .part L_0000015cc101c530, 31, 1;
LS_0000015cc117fe80_0_0 .concat [ 1 1 1 1], L_0000015cc1180d80, L_0000015cc1180d80, L_0000015cc1180d80, L_0000015cc1180d80;
LS_0000015cc117fe80_0_4 .concat [ 1 1 1 1], L_0000015cc1180d80, L_0000015cc1180d80, L_0000015cc1180d80, L_0000015cc1180d80;
LS_0000015cc117fe80_0_8 .concat [ 1 1 1 1], L_0000015cc1180d80, L_0000015cc1180d80, L_0000015cc1180d80, L_0000015cc1180d80;
L_0000015cc117fe80 .concat [ 4 4 4 0], LS_0000015cc117fe80_0_0, LS_0000015cc117fe80_0_4, LS_0000015cc117fe80_0_8;
L_0000015cc117f3e0 .part L_0000015cc101c530, 12, 8;
L_0000015cc1180a60 .part L_0000015cc101c530, 20, 1;
L_0000015cc11802e0 .part L_0000015cc101c530, 21, 10;
LS_0000015cc117fde0_0_0 .concat [ 1 10 1 8], L_0000015cc1181170, L_0000015cc11802e0, L_0000015cc1180a60, L_0000015cc117f3e0;
LS_0000015cc117fde0_0_4 .concat [ 12 0 0 0], L_0000015cc117fe80;
L_0000015cc117fde0 .concat [ 20 12 0 0], LS_0000015cc117fde0_0_0, LS_0000015cc117fde0_0_4;
L_0000015cc1180420 .part L_0000015cc101c530, 0, 7;
L_0000015cc1180ce0 .part L_0000015cc101c530, 12, 3;
L_0000015cc11804c0 .part L_0000015cc101c530, 25, 7;
L_0000015cc117f660 .part L_0000015cc101c530, 15, 5;
L_0000015cc117f980 .part L_0000015cc101c530, 20, 5;
L_0000015cc1180740 .part L_0000015cc101c530, 7, 5;
L_0000015cc1180f60 .cmp/eq 7, L_0000015cc1180420, L_0000015cc11811b8;
L_0000015cc117f700 .cmp/eq 3, L_0000015cc1180ce0, L_0000015cc1181200;
L_0000015cc1180560 .part L_0000015cc101bf80, 0, 2;
L_0000015cc1180600 .shift/l 4, L_0000015cc1181248, L_0000015cc1180560;
L_0000015cc11806a0 .cmp/eq 3, L_0000015cc1180ce0, L_0000015cc1181290;
L_0000015cc1180ba0 .part L_0000015cc101bf80, 0, 2;
L_0000015cc117f840 .shift/l 4, L_0000015cc11812d8, L_0000015cc1180ba0;
L_0000015cc117fa20 .cmp/eq 3, L_0000015cc1180ce0, L_0000015cc1181320;
L_0000015cc11809c0 .functor MUXZ 4, L_0000015cc11813b0, L_0000015cc1181368, L_0000015cc117fa20, C4<>;
L_0000015cc11807e0 .functor MUXZ 4, L_0000015cc11809c0, L_0000015cc117f840, L_0000015cc11806a0, C4<>;
L_0000015cc117fac0 .functor MUXZ 4, L_0000015cc11807e0, L_0000015cc1180600, L_0000015cc117f700, C4<>;
L_0000015cc1180e20 .functor MUXZ 4, L_0000015cc11813f8, L_0000015cc117fac0, L_0000015cc1180f60, C4<>;
L_0000015cc1180b00 .part L_0000015cc101bf80, 0, 2;
L_0000015cc1180c40 .concat [ 2 30 0 0], L_0000015cc1180b00, L_0000015cc1181440;
L_0000015cc1180ec0 .arith/mult 32, L_0000015cc1180c40, L_0000015cc1181488;
L_0000015cc117f200 .shift/l 32, L_0000015cc11ddcf0, L_0000015cc1180ec0;
L_0000015cc1181000 .part L_0000015cc101bf80, 0, 2;
L_0000015cc117f160 .cmp/eq 2, L_0000015cc1181000, L_0000015cc11814d0;
L_0000015cc117f2a0 .part L_0000015cc11dd750, 0, 8;
L_0000015cc117f340 .part L_0000015cc101bf80, 0, 2;
L_0000015cc11d9190 .cmp/eq 2, L_0000015cc117f340, L_0000015cc1181518;
L_0000015cc11d9550 .part L_0000015cc11dd750, 8, 8;
L_0000015cc11d9ff0 .part L_0000015cc101bf80, 0, 2;
L_0000015cc11da090 .cmp/eq 2, L_0000015cc11d9ff0, L_0000015cc1181560;
L_0000015cc11da9f0 .part L_0000015cc11dd750, 16, 8;
L_0000015cc11d97d0 .part L_0000015cc11dd750, 24, 8;
L_0000015cc11d9230 .functor MUXZ 8, L_0000015cc11d97d0, L_0000015cc11da9f0, L_0000015cc11da090, C4<>;
L_0000015cc11da950 .functor MUXZ 8, L_0000015cc11d9230, L_0000015cc11d9550, L_0000015cc11d9190, C4<>;
L_0000015cc11daa90 .functor MUXZ 8, L_0000015cc11da950, L_0000015cc117f2a0, L_0000015cc117f160, C4<>;
L_0000015cc11da3b0 .part L_0000015cc101bf80, 1, 1;
L_0000015cc11d92d0 .part L_0000015cc11dd750, 0, 16;
L_0000015cc11dab30 .part L_0000015cc11dd750, 16, 16;
L_0000015cc11d9c30 .functor MUXZ 16, L_0000015cc11dab30, L_0000015cc11d92d0, L_0000015cc101c140, C4<>;
L_0000015cc11da8b0 .part L_0000015cc11daa90, 7, 1;
LS_0000015cc11dabd0_0_0 .concat [ 1 1 1 1], L_0000015cc11da8b0, L_0000015cc11da8b0, L_0000015cc11da8b0, L_0000015cc11da8b0;
LS_0000015cc11dabd0_0_4 .concat [ 1 1 1 1], L_0000015cc11da8b0, L_0000015cc11da8b0, L_0000015cc11da8b0, L_0000015cc11da8b0;
LS_0000015cc11dabd0_0_8 .concat [ 1 1 1 1], L_0000015cc11da8b0, L_0000015cc11da8b0, L_0000015cc11da8b0, L_0000015cc11da8b0;
LS_0000015cc11dabd0_0_12 .concat [ 1 1 1 1], L_0000015cc11da8b0, L_0000015cc11da8b0, L_0000015cc11da8b0, L_0000015cc11da8b0;
LS_0000015cc11dabd0_0_16 .concat [ 1 1 1 1], L_0000015cc11da8b0, L_0000015cc11da8b0, L_0000015cc11da8b0, L_0000015cc11da8b0;
LS_0000015cc11dabd0_0_20 .concat [ 1 1 1 1], L_0000015cc11da8b0, L_0000015cc11da8b0, L_0000015cc11da8b0, L_0000015cc11da8b0;
LS_0000015cc11dabd0_1_0 .concat [ 4 4 4 4], LS_0000015cc11dabd0_0_0, LS_0000015cc11dabd0_0_4, LS_0000015cc11dabd0_0_8, LS_0000015cc11dabd0_0_12;
LS_0000015cc11dabd0_1_4 .concat [ 4 4 0 0], LS_0000015cc11dabd0_0_16, LS_0000015cc11dabd0_0_20;
L_0000015cc11dabd0 .concat [ 16 8 0 0], LS_0000015cc11dabd0_1_0, LS_0000015cc11dabd0_1_4;
L_0000015cc11d9af0 .concat [ 8 24 0 0], L_0000015cc11daa90, L_0000015cc11dabd0;
L_0000015cc11d9d70 .part L_0000015cc11d9c30, 15, 1;
LS_0000015cc11d94b0_0_0 .concat [ 1 1 1 1], L_0000015cc11d9d70, L_0000015cc11d9d70, L_0000015cc11d9d70, L_0000015cc11d9d70;
LS_0000015cc11d94b0_0_4 .concat [ 1 1 1 1], L_0000015cc11d9d70, L_0000015cc11d9d70, L_0000015cc11d9d70, L_0000015cc11d9d70;
LS_0000015cc11d94b0_0_8 .concat [ 1 1 1 1], L_0000015cc11d9d70, L_0000015cc11d9d70, L_0000015cc11d9d70, L_0000015cc11d9d70;
LS_0000015cc11d94b0_0_12 .concat [ 1 1 1 1], L_0000015cc11d9d70, L_0000015cc11d9d70, L_0000015cc11d9d70, L_0000015cc11d9d70;
L_0000015cc11d94b0 .concat [ 4 4 4 4], LS_0000015cc11d94b0_0_0, LS_0000015cc11d94b0_0_4, LS_0000015cc11d94b0_0_8, LS_0000015cc11d94b0_0_12;
L_0000015cc11d95f0 .concat [ 16 16 0 0], L_0000015cc11d9c30, L_0000015cc11d94b0;
L_0000015cc11d9eb0 .concat [ 8 24 0 0], L_0000015cc11daa90, L_0000015cc11815f0;
L_0000015cc11d9b90 .concat [ 16 16 0 0], L_0000015cc11d9c30, L_0000015cc1181638;
L_0000015cc11dac70 .cmp/eq 3, L_0000015cc1180ce0, L_0000015cc1181680;
L_0000015cc11d9e10 .cmp/eq 3, L_0000015cc1180ce0, L_0000015cc11816c8;
L_0000015cc11d9f50 .cmp/eq 3, L_0000015cc1180ce0, L_0000015cc1181710;
L_0000015cc11d9cd0 .cmp/eq 3, L_0000015cc1180ce0, L_0000015cc1181758;
L_0000015cc11dad10 .cmp/eq 3, L_0000015cc1180ce0, L_0000015cc11817a0;
L_0000015cc11dadb0 .functor MUXZ 32, L_0000015cc11dd750, L_0000015cc11d9b90, L_0000015cc11dad10, C4<>;
L_0000015cc11da630 .functor MUXZ 32, L_0000015cc11dadb0, L_0000015cc11d9eb0, L_0000015cc11d9cd0, C4<>;
L_0000015cc11daef0 .functor MUXZ 32, L_0000015cc11da630, L_0000015cc101c450, L_0000015cc11d9f50, C4<>;
L_0000015cc11d9730 .functor MUXZ 32, L_0000015cc11daef0, L_0000015cc11d95f0, L_0000015cc11d9e10, C4<>;
L_0000015cc11da130 .functor MUXZ 32, L_0000015cc11d9730, L_0000015cc11d9af0, L_0000015cc11dac70, C4<>;
L_0000015cc11da4f0 .cmp/eq 2, v0000015cc117e7d0_0, L_0000015cc11817e8;
L_0000015cc11d9690 .cmp/eq 2, v0000015cc117e7d0_0, L_0000015cc1181830;
L_0000015cc11dae50 .cmp/eq 2, v0000015cc117e7d0_0, L_0000015cc1181878;
L_0000015cc11da1d0 .arith/sum 32, v0000015cc1090310_0, L_0000015cc11818c0;
L_0000015cc11da270 .functor MUXZ 32, v0000015cc108fff0_0, L_0000015cc11da1d0, L_0000015cc11dae50, C4<>;
L_0000015cc11d9910 .functor MUXZ 32, L_0000015cc11da270, L_0000015cc11da130, L_0000015cc11d9690, C4<>;
L_0000015cc11d9870 .functor MUXZ 32, L_0000015cc11d9910, v0000015cc108fff0_0, L_0000015cc11da4f0, C4<>;
L_0000015cc11daf90 .part L_0000015cc101c530, 31, 1;
LS_0000015cc11da310_0_0 .concat [ 1 1 1 1], L_0000015cc11daf90, L_0000015cc11daf90, L_0000015cc11daf90, L_0000015cc11daf90;
LS_0000015cc11da310_0_4 .concat [ 1 1 1 1], L_0000015cc11daf90, L_0000015cc11daf90, L_0000015cc11daf90, L_0000015cc11daf90;
LS_0000015cc11da310_0_8 .concat [ 1 1 1 1], L_0000015cc11daf90, L_0000015cc11daf90, L_0000015cc11daf90, L_0000015cc11daf90;
LS_0000015cc11da310_0_12 .concat [ 1 1 1 1], L_0000015cc11daf90, L_0000015cc11daf90, L_0000015cc11daf90, L_0000015cc11daf90;
LS_0000015cc11da310_0_16 .concat [ 1 1 1 1], L_0000015cc11daf90, L_0000015cc11daf90, L_0000015cc11daf90, L_0000015cc11daf90;
LS_0000015cc11da310_1_0 .concat [ 4 4 4 4], LS_0000015cc11da310_0_0, LS_0000015cc11da310_0_4, LS_0000015cc11da310_0_8, LS_0000015cc11da310_0_12;
LS_0000015cc11da310_1_4 .concat [ 4 0 0 0], LS_0000015cc11da310_0_16;
L_0000015cc11da310 .concat [ 16 4 0 0], LS_0000015cc11da310_1_0, LS_0000015cc11da310_1_4;
L_0000015cc11db030 .part L_0000015cc101c530, 20, 12;
L_0000015cc11d9370 .concat [ 12 20 0 0], L_0000015cc11db030, L_0000015cc11da310;
L_0000015cc11d99b0 .part L_0000015cc101c530, 31, 1;
LS_0000015cc11da450_0_0 .concat [ 1 1 1 1], L_0000015cc11d99b0, L_0000015cc11d99b0, L_0000015cc11d99b0, L_0000015cc11d99b0;
LS_0000015cc11da450_0_4 .concat [ 1 1 1 1], L_0000015cc11d99b0, L_0000015cc11d99b0, L_0000015cc11d99b0, L_0000015cc11d99b0;
LS_0000015cc11da450_0_8 .concat [ 1 1 1 1], L_0000015cc11d99b0, L_0000015cc11d99b0, L_0000015cc11d99b0, L_0000015cc11d99b0;
LS_0000015cc11da450_0_12 .concat [ 1 1 1 1], L_0000015cc11d99b0, L_0000015cc11d99b0, L_0000015cc11d99b0, L_0000015cc11d99b0;
LS_0000015cc11da450_0_16 .concat [ 1 1 1 1], L_0000015cc11d99b0, L_0000015cc11d99b0, L_0000015cc11d99b0, L_0000015cc11d99b0;
LS_0000015cc11da450_1_0 .concat [ 4 4 4 4], LS_0000015cc11da450_0_0, LS_0000015cc11da450_0_4, LS_0000015cc11da450_0_8, LS_0000015cc11da450_0_12;
LS_0000015cc11da450_1_4 .concat [ 4 0 0 0], LS_0000015cc11da450_0_16;
L_0000015cc11da450 .concat [ 16 4 0 0], LS_0000015cc11da450_1_0, LS_0000015cc11da450_1_4;
L_0000015cc11d9a50 .part L_0000015cc101c530, 25, 7;
L_0000015cc11d9410 .part L_0000015cc101c530, 7, 5;
L_0000015cc11da6d0 .concat [ 5 7 20 0], L_0000015cc11d9410, L_0000015cc11d9a50, L_0000015cc11da450;
L_0000015cc11da590 .cmp/eq 2, v0000015cc117e870_0, L_0000015cc1181908;
L_0000015cc11da770 .cmp/eq 2, v0000015cc117e870_0, L_0000015cc1181950;
L_0000015cc11da810 .arith/sum 32, v0000015cc1090310_0, L_0000015cc1181998;
L_0000015cc11dd430 .functor MUXZ 32, L_0000015cc11da810, L_0000015cc1180240, L_0000015cc11da770, C4<>;
L_0000015cc11dd4d0 .functor MUXZ 32, L_0000015cc11dd430, L_0000015cc1180380, L_0000015cc11da590, C4<>;
L_0000015cc11dded0 .cmp/eq 7, L_0000015cc1180420, L_0000015cc11819e0;
L_0000015cc11df050 .functor MUXZ 32, L_0000015cc11ddcf0, L_0000015cc11d9370, v0000015cc117d830_0, C4<>;
L_0000015cc11deb50 .functor MUXZ 32, L_0000015cc11df050, L_0000015cc11da6d0, L_0000015cc11dded0, C4<>;
S_0000015cc1037e90 .scope module, "ALU" "alu" 4 135, 5 3 0, S_0000015cc1037d00;
 .timescale -9 -12;
    .port_info 0 /INPUT 32 "a";
    .port_info 1 /INPUT 32 "b";
    .port_info 2 /INPUT 4 "op";
    .port_info 3 /OUTPUT 32 "alu_out";
v0000015cc10904f0_0 .net "a", 31 0, L_0000015cc11dd930;  alias, 1 drivers
v0000015cc108fff0_0 .var "alu_out", 31 0;
v0000015cc1090630_0 .net "b", 31 0, L_0000015cc11deb50;  alias, 1 drivers
v0000015cc10908b0_0 .net "op", 3 0, v0000015cc117d470_0;  1 drivers
E_0000015cc1096c80 .event anyedge, v0000015cc10908b0_0, v0000015cc10904f0_0, v0000015cc1090630_0;
S_0000015cc102baa0 .scope module, "IMEM" "imem" 4 119, 6 3 0, S_0000015cc1037d00;
 .timescale -9 -12;
    .port_info 0 /INPUT 32 "pc";
    .port_info 1 /OUTPUT 32 "instr";
L_0000015cc101c530 .functor BUFZ 32, L_0000015cc11ded30, C4<00000000000000000000000000000000>, C4<00000000000000000000000000000000>, C4<00000000000000000000000000000000>;
v0000015cc1091030_0 .net *"_ivl_0", 31 0, L_0000015cc11ded30;  1 drivers
v0000015cc1091490_0 .net *"_ivl_3", 29 0, L_0000015cc11de970;  1 drivers
v0000015cc108fcd0_0 .net "instr", 31 0, L_0000015cc101c530;  alias, 1 drivers
v0000015cc1090950 .array "mem", 1023 0, 31 0;
v0000015cc1091710_0 .net "pc", 31 0, v0000015cc1090310_0;  alias, 1 drivers
L_0000015cc11ded30 .array/port v0000015cc1090950, L_0000015cc11de970;
L_0000015cc11de970 .part v0000015cc1090310_0, 2, 30;
S_0000015cc102bc30 .scope module, "PC" "pc" 4 112, 7 3 0, S_0000015cc1037d00;
 .timescale -9 -12;
    .port_info 0 /INPUT 1 "clk";
    .port_info 1 /INPUT 1 "reset";
    .port_info 2 /INPUT 32 "pc_next";
    .port_info 3 /OUTPUT 32 "pc_out";
v0000015cc1091170_0 .net "clk", 0 0, v0000015cc117f5c0_0;  alias, 1 drivers
v0000015cc1090130_0 .net "pc_next", 31 0, L_0000015cc11dd4d0;  alias, 1 drivers
v0000015cc1090310_0 .var "pc_out", 31 0;
v0000015cc1091a30_0 .net "reset", 0 0, v0000015cc1180060_0;  alias, 1 drivers
E_0000015cc1097880 .event posedge, v0000015cc1091170_0;
S_0000015cc10341b0 .scope module, "RF" "regfile" 4 124, 8 3 0, S_0000015cc1037d00;
 .timescale -9 -12;
    .port_info 0 /INPUT 1 "clk";
    .port_info 1 /INPUT 1 "w_en";
    .port_info 2 /INPUT 5 "rs1";
    .port_info 3 /INPUT 5 "rs2";
    .port_info 4 /INPUT 5 "rd";
    .port_info 5 /INPUT 32 "wd";
    .port_info 6 /OUTPUT 32 "rd1";
    .port_info 7 /OUTPUT 32 "rd2";
v0000015cc10903b0_0 .net *"_ivl_0", 31 0, L_0000015cc11dee70;  1 drivers
v0000015cc1090a90_0 .net *"_ivl_10", 31 0, L_0000015cc11ddc50;  1 drivers
v0000015cc1091210_0 .net *"_ivl_12", 6 0, L_0000015cc11dd610;  1 drivers
L_0000015cc1181b00 .functor BUFT 1, C4<00>, C4<0>, C4<0>, C4<0>;
v0000015cc10909f0_0 .net *"_ivl_15", 1 0, L_0000015cc1181b00;  1 drivers
v0000015cc10912b0_0 .net *"_ivl_18", 31 0, L_0000015cc11deab0;  1 drivers
L_0000015cc1181b48 .functor BUFT 1, C4<000000000000000000000000000>, C4<0>, C4<0>, C4<0>;
v0000015cc108fd70_0 .net *"_ivl_21", 26 0, L_0000015cc1181b48;  1 drivers
L_0000015cc1181b90 .functor BUFT 1, C4<00000000000000000000000000000000>, C4<0>, C4<0>, C4<0>;
v0000015cc10918f0_0 .net/2u *"_ivl_22", 31 0, L_0000015cc1181b90;  1 drivers
v0000015cc1091350_0 .net *"_ivl_24", 0 0, L_0000015cc11dea10;  1 drivers
L_0000015cc1181bd8 .functor BUFT 1, C4<00000000000000000000000000000000>, C4<0>, C4<0>, C4<0>;
v0000015cc1090450_0 .net/2u *"_ivl_26", 31 0, L_0000015cc1181bd8;  1 drivers
v0000015cc1091850_0 .net *"_ivl_28", 31 0, L_0000015cc11ddd90;  1 drivers
L_0000015cc1181a28 .functor BUFT 1, C4<000000000000000000000000000>, C4<0>, C4<0>, C4<0>;
v0000015cc10913f0_0 .net *"_ivl_3", 26 0, L_0000015cc1181a28;  1 drivers
v0000015cc10917b0_0 .net *"_ivl_30", 6 0, L_0000015cc11de150;  1 drivers
L_0000015cc1181c20 .functor BUFT 1, C4<00>, C4<0>, C4<0>, C4<0>;
v0000015cc1091990_0 .net *"_ivl_33", 1 0, L_0000015cc1181c20;  1 drivers
L_0000015cc1181a70 .functor BUFT 1, C4<00000000000000000000000000000000>, C4<0>, C4<0>, C4<0>;
v0000015cc108fe10_0 .net/2u *"_ivl_4", 31 0, L_0000015cc1181a70;  1 drivers
v0000015cc108feb0_0 .net *"_ivl_6", 0 0, L_0000015cc11dd570;  1 drivers
L_0000015cc1181ab8 .functor BUFT 1, C4<00000000000000000000000000000000>, C4<0>, C4<0>, C4<0>;
v0000015cc108ff50_0 .net/2u *"_ivl_8", 31 0, L_0000015cc1181ab8;  1 drivers
v0000015cc1178ee0_0 .net "clk", 0 0, v0000015cc117f5c0_0;  alias, 1 drivers
v0000015cc1179840_0 .net "rd", 4 0, L_0000015cc1180740;  alias, 1 drivers
v0000015cc1178f80_0 .net "rd1", 31 0, L_0000015cc11dd930;  alias, 1 drivers
v0000015cc1179ac0_0 .net "rd2", 31 0, L_0000015cc11ddcf0;  alias, 1 drivers
v0000015cc1179480 .array "regs", 31 0, 31 0;
v0000015cc11793e0_0 .net "rs1", 4 0, L_0000015cc117f660;  alias, 1 drivers
v0000015cc1179160_0 .net "rs2", 4 0, L_0000015cc117f980;  alias, 1 drivers
v0000015cc1179d40_0 .net "w_en", 0 0, v0000015cc117f8e0_0;  1 drivers
v0000015cc1179200_0 .net "wd", 31 0, L_0000015cc11d9870;  alias, 1 drivers
L_0000015cc11dee70 .concat [ 5 27 0 0], L_0000015cc117f660, L_0000015cc1181a28;
L_0000015cc11dd570 .cmp/eq 32, L_0000015cc11dee70, L_0000015cc1181a70;
L_0000015cc11ddc50 .array/port v0000015cc1179480, L_0000015cc11dd610;
L_0000015cc11dd610 .concat [ 5 2 0 0], L_0000015cc117f660, L_0000015cc1181b00;
L_0000015cc11dd930 .functor MUXZ 32, L_0000015cc11ddc50, L_0000015cc1181ab8, L_0000015cc11dd570, C4<>;
L_0000015cc11deab0 .concat [ 5 27 0 0], L_0000015cc117f980, L_0000015cc1181b48;
L_0000015cc11dea10 .cmp/eq 32, L_0000015cc11deab0, L_0000015cc1181b90;
L_0000015cc11ddd90 .array/port v0000015cc1179480, L_0000015cc11de150;
L_0000015cc11de150 .concat [ 5 2 0 0], L_0000015cc117f980, L_0000015cc1181c20;
L_0000015cc11ddcf0 .functor MUXZ 32, L_0000015cc11ddd90, L_0000015cc1181bd8, L_0000015cc11dea10, C4<>;
S_0000015cc1034340 .scope module, "memory" "dmem" 4 142, 9 3 0, S_0000015cc1037d00;
 .timescale -9 -12;
    .port_info 0 /INPUT 1 "clk";
    .port_info 1 /INPUT 32 "address";
    .port_info 2 /INPUT 1 "mem_read";
    .port_info 3 /INPUT 32 "write_data";
    .port_info 4 /INPUT 4 "byte_en";
    .port_info 5 /OUTPUT 32 "data";
v0000015cc1179ca0_0 .net *"_ivl_0", 31 0, L_0000015cc11dd6b0;  1 drivers
v0000015cc1178c60_0 .net *"_ivl_3", 9 0, L_0000015cc11de010;  1 drivers
v0000015cc1179a20_0 .net *"_ivl_4", 11 0, L_0000015cc11de830;  1 drivers
L_0000015cc1181c68 .functor BUFT 1, C4<00>, C4<0>, C4<0>, C4<0>;
v0000015cc1178580_0 .net *"_ivl_7", 1 0, L_0000015cc1181c68;  1 drivers
L_0000015cc1181cb0 .functor BUFT 1, C4<00000000000000000000000000000000>, C4<0>, C4<0>, C4<0>;
v0000015cc1178940_0 .net/2u *"_ivl_8", 31 0, L_0000015cc1181cb0;  1 drivers
v0000015cc1179fc0_0 .net "address", 31 0, L_0000015cc101bf80;  alias, 1 drivers
v0000015cc11786c0_0 .net "byte_en", 3 0, L_0000015cc1180e20;  alias, 1 drivers
v0000015cc1178bc0_0 .net "clk", 0 0, v0000015cc117f5c0_0;  alias, 1 drivers
v0000015cc1179de0_0 .net "data", 31 0, L_0000015cc11dd750;  alias, 1 drivers
v0000015cc1179b60 .array "mem", 1023 0, 31 0;
v0000015cc1178d00_0 .net "mem_read", 0 0, v0000015cc117e230_0;  1 drivers
v0000015cc1178300_0 .net "write_data", 31 0, L_0000015cc117f200;  alias, 1 drivers
E_0000015cc1097a40 .event negedge, v0000015cc1091170_0;
L_0000015cc11dd6b0 .array/port v0000015cc1179b60, L_0000015cc11de830;
L_0000015cc11de010 .part L_0000015cc101bf80, 2, 10;
L_0000015cc11de830 .concat [ 10 2 0 0], L_0000015cc11de010, L_0000015cc1181c68;
L_0000015cc11dd750 .functor MUXZ 32, L_0000015cc1181cb0, L_0000015cc11dd6b0, v0000015cc117e230_0, C4<>;
S_0000015cc1032190 .scope begin, "$ivl_for_loop0" "$ivl_for_loop0" 9 27, 9 27 0, S_0000015cc1034340;
 .timescale -9 -12;
v0000015cc11784e0_0 .var/i "i", 31 0;
    .scope S_0000015cc102bc30;
T_0 ;
    %wait E_0000015cc1097880;
    %load/vec4 v0000015cc1091a30_0;
    %flag_set/vec4 8;
    %jmp/0xz  T_0.0, 8;
    %pushi/vec4 0, 0, 32;
    %assign/vec4 v0000015cc1090310_0, 0;
    %jmp T_0.1;
T_0.0 ;
    %load/vec4 v0000015cc1090130_0;
    %assign/vec4 v0000015cc1090310_0, 0;
T_0.1 ;
    %jmp T_0;
    .thread T_0;
    .scope S_0000015cc102baa0;
T_1 ;
    %vpi_call/w 6 15 "$readmemh", "imem.hex", v0000015cc1090950 {0 0 0};
    %end;
    .thread T_1;
    .scope S_0000015cc10341b0;
T_2 ;
    %wait E_0000015cc1097880;
    %load/vec4 v0000015cc1179d40_0;
    %flag_set/vec4 9;
    %flag_get/vec4 9;
    %jmp/0 T_2.2, 9;
    %load/vec4 v0000015cc1179840_0;
    %pad/u 32;
    %pushi/vec4 0, 0, 32;
    %cmp/ne;
    %flag_get/vec4 4;
    %and;
T_2.2;
    %flag_set/vec4 8;
    %jmp/0xz  T_2.0, 8;
    %load/vec4 v0000015cc1179200_0;
    %load/vec4 v0000015cc1179840_0;
    %pad/u 7;
    %ix/vec4 3;
    %ix/load 4, 0, 0; Constant delay
    %assign/vec4/a/d v0000015cc1179480, 0, 4;
T_2.0 ;
    %jmp T_2;
    .thread T_2;
    .scope S_0000015cc1037e90;
T_3 ;
Ewait_0 .event/or E_0000015cc1096c80, E_0x0;
    %wait Ewait_0;
    %load/vec4 v0000015cc10908b0_0;
    %dup/vec4;
    %pushi/vec4 0, 0, 4;
    %cmp/u;
    %jmp/1 T_3.0, 6;
    %dup/vec4;
    %pushi/vec4 1, 0, 4;
    %cmp/u;
    %jmp/1 T_3.1, 6;
    %dup/vec4;
    %pushi/vec4 2, 0, 4;
    %cmp/u;
    %jmp/1 T_3.2, 6;
    %dup/vec4;
    %pushi/vec4 3, 0, 4;
    %cmp/u;
    %jmp/1 T_3.3, 6;
    %dup/vec4;
    %pushi/vec4 4, 0, 4;
    %cmp/u;
    %jmp/1 T_3.4, 6;
    %dup/vec4;
    %pushi/vec4 5, 0, 4;
    %cmp/u;
    %jmp/1 T_3.5, 6;
    %dup/vec4;
    %pushi/vec4 6, 0, 4;
    %cmp/u;
    %jmp/1 T_3.6, 6;
    %dup/vec4;
    %pushi/vec4 7, 0, 4;
    %cmp/u;
    %jmp/1 T_3.7, 6;
    %dup/vec4;
    %pushi/vec4 8, 0, 4;
    %cmp/u;
    %jmp/1 T_3.8, 6;
    %dup/vec4;
    %pushi/vec4 9, 0, 4;
    %cmp/u;
    %jmp/1 T_3.9, 6;
    %pushi/vec4 0, 0, 32;
    %store/vec4 v0000015cc108fff0_0, 0, 32;
    %jmp T_3.11;
T_3.0 ;
    %load/vec4 v0000015cc10904f0_0;
    %load/vec4 v0000015cc1090630_0;
    %add;
    %store/vec4 v0000015cc108fff0_0, 0, 32;
    %jmp T_3.11;
T_3.1 ;
    %load/vec4 v0000015cc10904f0_0;
    %load/vec4 v0000015cc1090630_0;
    %sub;
    %store/vec4 v0000015cc108fff0_0, 0, 32;
    %jmp T_3.11;
T_3.2 ;
    %load/vec4 v0000015cc10904f0_0;
    %ix/getv 4, v0000015cc1090630_0;
    %shiftl 4;
    %store/vec4 v0000015cc108fff0_0, 0, 32;
    %jmp T_3.11;
T_3.3 ;
    %load/vec4 v0000015cc10904f0_0;
    %load/vec4 v0000015cc1090630_0;
    %cmp/s;
    %flag_mov 8, 5;
    %jmp/0 T_3.12, 8;
    %pushi/vec4 1, 0, 32;
    %jmp/1 T_3.13, 8;
T_3.12 ; End of true expr.
    %pushi/vec4 0, 0, 32;
    %jmp/0 T_3.13, 8;
 ; End of false expr.
    %blend;
T_3.13;
    %store/vec4 v0000015cc108fff0_0, 0, 32;
    %jmp T_3.11;
T_3.4 ;
    %load/vec4 v0000015cc10904f0_0;
    %load/vec4 v0000015cc1090630_0;
    %cmp/u;
    %flag_mov 8, 5;
    %jmp/0 T_3.14, 8;
    %pushi/vec4 1, 0, 32;
    %jmp/1 T_3.15, 8;
T_3.14 ; End of true expr.
    %pushi/vec4 0, 0, 32;
    %jmp/0 T_3.15, 8;
 ; End of false expr.
    %blend;
T_3.15;
    %store/vec4 v0000015cc108fff0_0, 0, 32;
    %jmp T_3.11;
T_3.5 ;
    %load/vec4 v0000015cc10904f0_0;
    %load/vec4 v0000015cc1090630_0;
    %xor;
    %store/vec4 v0000015cc108fff0_0, 0, 32;
    %jmp T_3.11;
T_3.6 ;
    %load/vec4 v0000015cc10904f0_0;
    %ix/getv 4, v0000015cc1090630_0;
    %shiftr 4;
    %store/vec4 v0000015cc108fff0_0, 0, 32;
    %jmp T_3.11;
T_3.7 ;
    %load/vec4 v0000015cc10904f0_0;
    %ix/getv 4, v0000015cc1090630_0;
    %shiftr/s 4;
    %store/vec4 v0000015cc108fff0_0, 0, 32;
    %jmp T_3.11;
T_3.8 ;
    %load/vec4 v0000015cc10904f0_0;
    %load/vec4 v0000015cc1090630_0;
    %or;
    %store/vec4 v0000015cc108fff0_0, 0, 32;
    %jmp T_3.11;
T_3.9 ;
    %load/vec4 v0000015cc10904f0_0;
    %load/vec4 v0000015cc1090630_0;
    %and;
    %store/vec4 v0000015cc108fff0_0, 0, 32;
    %jmp T_3.11;
T_3.11 ;
    %pop/vec4 1;
    %jmp T_3;
    .thread T_3, $push;
    .scope S_0000015cc1034340;
T_4 ;
    %wait E_0000015cc1097a40;
    %load/vec4 v0000015cc11786c0_0;
    %parti/s 1, 0, 2;
    %flag_set/vec4 8;
    %jmp/0xz  T_4.0, 8;
    %load/vec4 v0000015cc1178300_0;
    %parti/s 8, 0, 2;
    %load/vec4 v0000015cc1179fc0_0;
    %parti/s 10, 2, 3;
    %pad/u 12;
    %ix/vec4 3;
    %ix/load 4, 0, 0; Constant delay
    %assign/vec4/a/d v0000015cc1179b60, 0, 4;
T_4.0 ;
    %load/vec4 v0000015cc11786c0_0;
    %parti/s 1, 1, 2;
    %flag_set/vec4 8;
    %jmp/0xz  T_4.2, 8;
    %load/vec4 v0000015cc1178300_0;
    %parti/s 8, 8, 5;
    %load/vec4 v0000015cc1179fc0_0;
    %parti/s 10, 2, 3;
    %pad/u 12;
    %ix/vec4 3;
    %ix/load 4, 8, 0; part off
    %ix/load 5, 0, 0; Constant delay
    %assign/vec4/a/d v0000015cc1179b60, 4, 5;
T_4.2 ;
    %load/vec4 v0000015cc11786c0_0;
    %parti/s 1, 2, 3;
    %flag_set/vec4 8;
    %jmp/0xz  T_4.4, 8;
    %load/vec4 v0000015cc1178300_0;
    %parti/s 8, 16, 6;
    %load/vec4 v0000015cc1179fc0_0;
    %parti/s 10, 2, 3;
    %pad/u 12;
    %ix/vec4 3;
    %ix/load 4, 16, 0; part off
    %ix/load 5, 0, 0; Constant delay
    %assign/vec4/a/d v0000015cc1179b60, 4, 5;
T_4.4 ;
    %load/vec4 v0000015cc11786c0_0;
    %parti/s 1, 3, 3;
    %flag_set/vec4 8;
    %jmp/0xz  T_4.6, 8;
    %load/vec4 v0000015cc1178300_0;
    %parti/s 8, 24, 6;
    %load/vec4 v0000015cc1179fc0_0;
    %parti/s 10, 2, 3;
    %pad/u 12;
    %ix/vec4 3;
    %ix/load 4, 24, 0; part off
    %ix/load 5, 0, 0; Constant delay
    %assign/vec4/a/d v0000015cc1179b60, 4, 5;
T_4.6 ;
    %jmp T_4;
    .thread T_4;
    .scope S_0000015cc1034340;
T_5 ;
    %fork t_1, S_0000015cc1032190;
    %jmp t_0;
    .scope S_0000015cc1032190;
t_1 ;
    %pushi/vec4 0, 0, 32;
    %store/vec4 v0000015cc11784e0_0, 0, 32;
T_5.0 ;
    %load/vec4 v0000015cc11784e0_0;
    %cmpi/s 1024, 0, 32;
    %jmp/0xz T_5.1, 5;
    %pushi/vec4 0, 0, 32;
    %ix/getv/s 4, v0000015cc11784e0_0;
    %store/vec4a v0000015cc1179b60, 4, 0;
    %load/vec4 v0000015cc11784e0_0;
    %addi 1, 0, 32;
    %store/vec4 v0000015cc11784e0_0, 0, 32;
    %jmp T_5.0;
T_5.1 ;
    %end;
    .scope S_0000015cc1034340;
t_0 %join;
    %vpi_call/w 9 31 "$readmemh", "dmem.hex", v0000015cc1179b60 {0 0 0};
    %vpi_call/w 9 33 "$display", "ALU_A: %h | ALU_B: %h | ALU_OUT: %h | ByteEn: %b", v0000015cc10904f0_0, v0000015cc1090630_0, v0000015cc117d510_0, v0000015cc117dd30_0 {0 0 0};
    %end;
    .thread T_5;
    .scope S_0000015cc1037d00;
T_6 ;
    %wait E_0000015cc10978c0;
    %pushi/vec4 0, 0, 1;
    %store/vec4 v0000015cc117f8e0_0, 0, 1;
    %pushi/vec4 0, 0, 4;
    %store/vec4 v0000015cc117d470_0, 0, 4;
    %pushi/vec4 0, 0, 1;
    %store/vec4 v0000015cc117d830_0, 0, 1;
    %pushi/vec4 0, 0, 1;
    %store/vec4 v0000015cc117e230_0, 0, 1;
    %pushi/vec4 0, 0, 2;
    %store/vec4 v0000015cc117e7d0_0, 0, 2;
    %pushi/vec4 0, 0, 2;
    %store/vec4 v0000015cc117e870_0, 0, 2;
    %pushi/vec4 0, 0, 1;
    %store/vec4 v0000015cc117d5b0_0, 0, 1;
    %load/vec4 v0000015cc117e690_0;
    %dup/vec4;
    %pushi/vec4 51, 0, 7;
    %cmp/u;
    %jmp/1 T_6.0, 6;
    %dup/vec4;
    %pushi/vec4 19, 0, 7;
    %cmp/u;
    %jmp/1 T_6.1, 6;
    %dup/vec4;
    %pushi/vec4 3, 0, 7;
    %cmp/u;
    %jmp/1 T_6.2, 6;
    %dup/vec4;
    %pushi/vec4 103, 0, 7;
    %cmp/u;
    %jmp/1 T_6.3, 6;
    %dup/vec4;
    %pushi/vec4 15, 0, 7;
    %cmp/u;
    %jmp/1 T_6.4, 6;
    %dup/vec4;
    %pushi/vec4 115, 0, 7;
    %cmp/u;
    %jmp/1 T_6.5, 6;
    %dup/vec4;
    %pushi/vec4 35, 0, 7;
    %cmp/u;
    %jmp/1 T_6.6, 6;
    %jmp T_6.8;
T_6.0 ;
    %pushi/vec4 1, 0, 1;
    %store/vec4 v0000015cc117f8e0_0, 0, 1;
    %load/vec4 v0000015cc117dab0_0;
    %load/vec4 v0000015cc117ec30_0;
    %concat/vec4; draw_concat_vec4
    %dup/vec4;
    %pushi/vec4 0, 0, 10;
    %cmp/u;
    %jmp/1 T_6.9, 6;
    %dup/vec4;
    %pushi/vec4 256, 0, 10;
    %cmp/u;
    %jmp/1 T_6.10, 6;
    %dup/vec4;
    %pushi/vec4 1, 0, 10;
    %cmp/u;
    %jmp/1 T_6.11, 6;
    %dup/vec4;
    %pushi/vec4 2, 0, 10;
    %cmp/u;
    %jmp/1 T_6.12, 6;
    %dup/vec4;
    %pushi/vec4 3, 0, 10;
    %cmp/u;
    %jmp/1 T_6.13, 6;
    %dup/vec4;
    %pushi/vec4 4, 0, 10;
    %cmp/u;
    %jmp/1 T_6.14, 6;
    %dup/vec4;
    %pushi/vec4 5, 0, 10;
    %cmp/u;
    %jmp/1 T_6.15, 6;
    %dup/vec4;
    %pushi/vec4 261, 0, 10;
    %cmp/u;
    %jmp/1 T_6.16, 6;
    %dup/vec4;
    %pushi/vec4 6, 0, 10;
    %cmp/u;
    %jmp/1 T_6.17, 6;
    %dup/vec4;
    %pushi/vec4 7, 0, 10;
    %cmp/u;
    %jmp/1 T_6.18, 6;
    %jmp T_6.19;
T_6.9 ;
    %pushi/vec4 0, 0, 4;
    %store/vec4 v0000015cc117d470_0, 0, 4;
    %jmp T_6.19;
T_6.10 ;
    %pushi/vec4 1, 0, 4;
    %store/vec4 v0000015cc117d470_0, 0, 4;
    %jmp T_6.19;
T_6.11 ;
    %pushi/vec4 2, 0, 4;
    %store/vec4 v0000015cc117d470_0, 0, 4;
    %jmp T_6.19;
T_6.12 ;
    %pushi/vec4 3, 0, 4;
    %store/vec4 v0000015cc117d470_0, 0, 4;
    %jmp T_6.19;
T_6.13 ;
    %pushi/vec4 4, 0, 4;
    %store/vec4 v0000015cc117d470_0, 0, 4;
    %jmp T_6.19;
T_6.14 ;
    %pushi/vec4 5, 0, 4;
    %store/vec4 v0000015cc117d470_0, 0, 4;
    %jmp T_6.19;
T_6.15 ;
    %pushi/vec4 6, 0, 4;
    %store/vec4 v0000015cc117d470_0, 0, 4;
    %jmp T_6.19;
T_6.16 ;
    %pushi/vec4 7, 0, 4;
    %store/vec4 v0000015cc117d470_0, 0, 4;
    %jmp T_6.19;
T_6.17 ;
    %pushi/vec4 8, 0, 4;
    %store/vec4 v0000015cc117d470_0, 0, 4;
    %jmp T_6.19;
T_6.18 ;
    %pushi/vec4 9, 0, 4;
    %store/vec4 v0000015cc117d470_0, 0, 4;
    %jmp T_6.19;
T_6.19 ;
    %pop/vec4 1;
    %jmp T_6.8;
T_6.1 ;
    %pushi/vec4 1, 0, 1;
    %store/vec4 v0000015cc117f8e0_0, 0, 1;
    %pushi/vec4 1, 0, 1;
    %store/vec4 v0000015cc117d830_0, 0, 1;
    %load/vec4 v0000015cc117d650_0;
    %parti/s 1, 30, 6;
    %load/vec4 v0000015cc117ec30_0;
    %concat/vec4; draw_concat_vec4
    %dup/vec4;
    %pushi/vec4 0, 0, 4;
    %cmp/u;
    %jmp/1 T_6.20, 6;
    %dup/vec4;
    %pushi/vec4 2, 0, 4;
    %cmp/u;
    %jmp/1 T_6.21, 6;
    %dup/vec4;
    %pushi/vec4 3, 0, 4;
    %cmp/u;
    %jmp/1 T_6.22, 6;
    %dup/vec4;
    %pushi/vec4 4, 0, 4;
    %cmp/u;
    %jmp/1 T_6.23, 6;
    %dup/vec4;
    %pushi/vec4 6, 0, 4;
    %cmp/u;
    %jmp/1 T_6.24, 6;
    %dup/vec4;
    %pushi/vec4 7, 0, 4;
    %cmp/u;
    %jmp/1 T_6.25, 6;
    %dup/vec4;
    %pushi/vec4 1, 0, 4;
    %cmp/u;
    %jmp/1 T_6.26, 6;
    %dup/vec4;
    %pushi/vec4 5, 0, 4;
    %cmp/u;
    %jmp/1 T_6.27, 6;
    %dup/vec4;
    %pushi/vec4 13, 0, 4;
    %cmp/u;
    %jmp/1 T_6.28, 6;
    %jmp T_6.29;
T_6.20 ;
    %pushi/vec4 0, 0, 4;
    %store/vec4 v0000015cc117d470_0, 0, 4;
    %jmp T_6.29;
T_6.21 ;
    %pushi/vec4 3, 0, 4;
    %store/vec4 v0000015cc117d470_0, 0, 4;
    %jmp T_6.29;
T_6.22 ;
    %pushi/vec4 4, 0, 4;
    %store/vec4 v0000015cc117d470_0, 0, 4;
    %jmp T_6.29;
T_6.23 ;
    %pushi/vec4 5, 0, 4;
    %store/vec4 v0000015cc117d470_0, 0, 4;
    %jmp T_6.29;
T_6.24 ;
    %pushi/vec4 8, 0, 4;
    %store/vec4 v0000015cc117d470_0, 0, 4;
    %jmp T_6.29;
T_6.25 ;
    %pushi/vec4 8, 0, 4;
    %store/vec4 v0000015cc117d470_0, 0, 4;
    %jmp T_6.29;
T_6.26 ;
    %pushi/vec4 2, 0, 4;
    %store/vec4 v0000015cc117d470_0, 0, 4;
    %jmp T_6.29;
T_6.27 ;
    %pushi/vec4 6, 0, 4;
    %store/vec4 v0000015cc117d470_0, 0, 4;
    %jmp T_6.29;
T_6.28 ;
    %pushi/vec4 7, 0, 4;
    %store/vec4 v0000015cc117d470_0, 0, 4;
    %jmp T_6.29;
T_6.29 ;
    %pop/vec4 1;
    %jmp T_6.8;
T_6.2 ;
    %pushi/vec4 1, 0, 1;
    %store/vec4 v0000015cc117f8e0_0, 0, 1;
    %pushi/vec4 1, 0, 1;
    %store/vec4 v0000015cc117d830_0, 0, 1;
    %pushi/vec4 1, 0, 1;
    %store/vec4 v0000015cc117e230_0, 0, 1;
    %pushi/vec4 1, 0, 2;
    %store/vec4 v0000015cc117e7d0_0, 0, 2;
    %pushi/vec4 0, 0, 4;
    %store/vec4 v0000015cc117d470_0, 0, 4;
    %jmp T_6.8;
T_6.3 ;
    %load/vec4 v0000015cc117ec30_0;
    %cmpi/e 0, 0, 3;
    %jmp/0xz  T_6.30, 4;
    %pushi/vec4 1, 0, 1;
    %store/vec4 v0000015cc117f8e0_0, 0, 1;
    %pushi/vec4 1, 0, 1;
    %store/vec4 v0000015cc117d830_0, 0, 1;
    %pushi/vec4 0, 0, 4;
    %store/vec4 v0000015cc117d470_0, 0, 4;
    %pushi/vec4 0, 0, 1;
    %store/vec4 v0000015cc117e230_0, 0, 1;
    %pushi/vec4 2, 0, 2;
    %store/vec4 v0000015cc117e870_0, 0, 2;
    %pushi/vec4 2, 0, 2;
    %store/vec4 v0000015cc117e7d0_0, 0, 2;
T_6.30 ;
    %jmp T_6.8;
T_6.4 ;
    %pushi/vec4 0, 0, 1;
    %store/vec4 v0000015cc117e230_0, 0, 1;
    %pushi/vec4 0, 0, 2;
    %store/vec4 v0000015cc117e7d0_0, 0, 2;
    %jmp T_6.8;
T_6.5 ;
    %pushi/vec4 1, 0, 1;
    %store/vec4 v0000015cc117d5b0_0, 0, 1;
    %load/vec4 v0000015cc117d650_0;
    %parti/s 1, 20, 6;
    %cmpi/e 1, 0, 1;
    %jmp/0xz  T_6.32, 4;
    %vpi_call/w 4 232 "$display", "BREAKPOINT: EBREAK executed at PC=0x%h", v0000015cc117fc00_0 {0 0 0};
    %jmp T_6.33;
T_6.32 ;
    %vpi_call/w 4 234 "$display", "SYSTEM CALL: ECALL executed at PC=0x%h", v0000015cc117fc00_0 {0 0 0};
T_6.33 ;
    %jmp T_6.8;
T_6.6 ;
    %pushi/vec4 1, 0, 1;
    %store/vec4 v0000015cc117d830_0, 0, 1;
    %pushi/vec4 0, 0, 1;
    %store/vec4 v0000015cc117f8e0_0, 0, 1;
    %pushi/vec4 0, 0, 1;
    %store/vec4 v0000015cc117e230_0, 0, 1;
    %load/vec4 v0000015cc117ec30_0;
    %dup/vec4;
    %pushi/vec4 0, 0, 3;
    %cmp/u;
    %jmp/1 T_6.34, 6;
    %dup/vec4;
    %pushi/vec4 1, 0, 3;
    %cmp/u;
    %jmp/1 T_6.35, 6;
    %dup/vec4;
    %pushi/vec4 2, 0, 3;
    %cmp/u;
    %jmp/1 T_6.36, 6;
    %jmp T_6.37;
T_6.34 ;
    %pushi/vec4 0, 0, 4;
    %store/vec4 v0000015cc117d470_0, 0, 4;
    %jmp T_6.37;
T_6.35 ;
    %pushi/vec4 0, 0, 4;
    %store/vec4 v0000015cc117d470_0, 0, 4;
    %jmp T_6.37;
T_6.36 ;
    %jmp T_6.37;
T_6.37 ;
    %pop/vec4 1;
    %jmp T_6.8;
T_6.8 ;
    %pop/vec4 1;
    %jmp T_6;
    .thread T_6, $push;
    .scope S_0000015cc103b800;
T_7 ;
    %delay 5000, 0;
    %load/vec4 v0000015cc117f5c0_0;
    %inv;
    %store/vec4 v0000015cc117f5c0_0, 0, 1;
    %jmp T_7;
    .thread T_7;
    .scope S_0000015cc103b800;
T_8 ;
    %wait E_0000015cc1097880;
    %load/vec4 v0000015cc117fca0_0;
    %flag_set/vec4 8;
    %jmp/0xz  T_8.0, 8;
    %vpi_call/w 3 19 "$finish" {0 0 0};
T_8.0 ;
    %jmp T_8;
    .thread T_8;
    .scope S_0000015cc103b800;
T_9 ;
    %pushi/vec4 0, 0, 1;
    %store/vec4 v0000015cc117f5c0_0, 0, 1;
    %pushi/vec4 1, 0, 1;
    %store/vec4 v0000015cc1180060_0, 0, 1;
    %pushi/vec4 16777875, 0, 32;
    %ix/load 4, 0, 0;
    %flag_set/imm 4, 0;
    %store/vec4a v0000015cc1090950, 4, 0;
    %pushi/vec4 2881487635, 0, 32;
    %ix/load 4, 1, 0;
    %flag_set/imm 4, 0;
    %store/vec4a v0000015cc1090950, 4, 0;
    %pushi/vec4 6459427, 0, 32;
    %ix/load 4, 2, 0;
    %flag_set/imm 4, 0;
    %store/vec4a v0000015cc1090950, 4, 0;
    %delay 12000, 0;
    %pushi/vec4 0, 0, 1;
    %store/vec4 v0000015cc1180060_0, 0, 1;
    %delay 100000, 0;
    %vpi_call/w 3 41 "$display", "\012FINAL MEMORY CHECK (Halfword Store):" {0 0 0};
    %vpi_call/w 3 42 "$display", "Memory Word [4] (Address 16-19) = %h", &A<v0000015cc1179b60, 4> {0 0 0};
    %ix/load 4, 4, 0;
    %flag_set/imm 4, 0;
    %load/vec4a v0000015cc1179b60, 4;
    %parti/s 16, 0, 2;
    %cmpi/e 43981, 0, 16;
    %jmp/0xz  T_9.0, 6;
    %vpi_call/w 3 46 "$display", "SUCCESS: sh stored 0xABCD at address 16" {0 0 0};
    %jmp T_9.1;
T_9.0 ;
    %vpi_call/w 3 48 "$display", "FAILURE: Expected ABCD in bits [15:0], got %h", &APV<v0000015cc1179b60, 4, 0, 16> {0 0 0};
T_9.1 ;
    %vpi_call/w 3 51 "$finish" {0 0 0};
    %end;
    .thread T_9;
# The file index is used to find the file name in the following table.
:file_names 10;
    "N/A";
    "<interactive>";
    "-";
    "cpu_tb.sv";
    "cpu.sv";
    "modules/alu.sv";
    "modules/imem.sv";
    "modules/pc.sv";
    "modules/regfile.sv";
    "modules/dmem.sv";
